<?xml version="1.0" encoding="utf-8"?><testsuite errors="0" failures="1" name="pytest" skipped="0" tests="2" time="0.131"><testcase classname="Lesson14.html.test_example" file="Lesson14\html\test_example.py" line="0" name="test_example" time="0.005"></testcase><testcase classname="Lesson14.html.test_example" file="Lesson14\html\test_example.py" line="4" name="test_example2" time="0.000"><failure message="assert 1 == 2">def test_example2():
&gt;       assert 1 == 2
E       assert 1 == 2

test_example.py:6: AssertionError</failure></testcase></testsuite>